<?xml version="1.0" encoding="UTF-8"?>
<testsuite xmlns:xsi="http://www.w3.org/2001/XMLSchema-instance" xsi:noNamespaceSchemaLocation="https://maven.apache.org/surefire/maven-surefire-plugin/xsd/surefire-test-report-3.0.xsd" version="3.0" name="com.waf.dynamicWAF.rules.CepRulesTest" time="4.55" tests="1" errors="0" skipped="0" failures="0">
  <properties>
[...]
</properties>
  <testcase name="testBruteForceDetection" classname="com.waf.dynamicWAF.rules.CepRulesTest" time="4.507">
    <system-out><![CDATA[CEP ALARM: Detektovan napad sa IP adrese 192.168.1.50! ViĹˇe od 5 pretnji u minutu.
Broj okinutih pravila: 1
]]></system-out>
    <system-err><![CDATA[SLF4J(W): No SLF4J providers were found.
SLF4J(W): Defaulting to no-operation (NOP) logger implementation
SLF4J(W): See https://www.slf4j.org/codes.html#noProviders for further details.
]]></system-err>
  </testcase>
</testsuite>